Determining if the pthread_create exist failed with the following output:
Change Dir: /home/ivsr/ROS/catkin_ws/build/rotors_control/CMakeFiles/CMakeTmp

Run Build Command:"/usr/bin/make" "cmTC_7534a/fast"
/usr/bin/make -f CMakeFiles/cmTC_7534a.dir/build.make CMakeFiles/cmTC_7534a.dir/build
make[1]: Entering directory '/home/ivsr/ROS/catkin_ws/build/rotors_control/CMakeFiles/CMakeTmp'
Building C object CMakeFiles/cmTC_7534a.dir/CheckSymbolExists.c.o
/usr/bin/cc    -o CMakeFiles/cmTC_7534a.dir/CheckSymbolExists.c.o   -c /home/ivsr/ROS/catkin_ws/build/rotors_control/CMakeFiles/CMakeTmp/CheckSymbolExists.c
Linking C executable cmTC_7534a
/usr/bin/cmake -E cmake_link_script CMakeFiles/cmTC_7534a.dir/link.txt --verbose=1
/usr/bin/cc      -rdynamic CMakeFiles/cmTC_7534a.dir/CheckSymbolExists.c.o  -o cmTC_7534a 
CMakeFiles/cmTC_7534a.dir/CheckSymbolExists.c.o: In function `main':
CheckSymbolExists.c:(.text+0x1b): undefined reference to `pthread_create'
collect2: error: ld returned 1 exit status
CMakeFiles/cmTC_7534a.dir/build.make:97: recipe for target 'cmTC_7534a' failed
make[1]: *** [cmTC_7534a] Error 1
make[1]: Leaving directory '/home/ivsr/ROS/catkin_ws/build/rotors_control/CMakeFiles/CMakeTmp'
Makefile:126: recipe for target 'cmTC_7534a/fast' failed
make: *** [cmTC_7534a/fast] Error 2

File /home/ivsr/ROS/catkin_ws/build/rotors_control/CMakeFiles/CMakeTmp/CheckSymbolExists.c:
/* */
#include <pthread.h>

int main(int argc, char** argv)
{
  (void)argv;
#ifndef pthread_create
  return ((int*)(&pthread_create))[argc];
#else
  (void)argc;
  return 0;
#endif
}

Determining if the function pthread_create exists in the pthreads failed with the following output:
Change Dir: /home/ivsr/ROS/catkin_ws/build/rotors_control/CMakeFiles/CMakeTmp

Run Build Command:"/usr/bin/make" "cmTC_bbbee/fast"
/usr/bin/make -f CMakeFiles/cmTC_bbbee.dir/build.make CMakeFiles/cmTC_bbbee.dir/build
make[1]: Entering directory '/home/ivsr/ROS/catkin_ws/build/rotors_control/CMakeFiles/CMakeTmp'
Building C object CMakeFiles/cmTC_bbbee.dir/CheckFunctionExists.c.o
/usr/bin/cc   -DCHECK_FUNCTION_EXISTS=pthread_create   -o CMakeFiles/cmTC_bbbee.dir/CheckFunctionExists.c.o   -c /usr/share/cmake-3.10/Modules/CheckFunctionExists.c
Linking C executable cmTC_bbbee
/usr/bin/cmake -E cmake_link_script CMakeFiles/cmTC_bbbee.dir/link.txt --verbose=1
/usr/bin/cc  -DCHECK_FUNCTION_EXISTS=pthread_create    -rdynamic CMakeFiles/cmTC_bbbee.dir/CheckFunctionExists.c.o  -o cmTC_bbbee -lpthreads 
/usr/bin/ld: cannot find -lpthreads
collect2: error: ld returned 1 exit status
CMakeFiles/cmTC_bbbee.dir/build.make:97: recipe for target 'cmTC_bbbee' failed
make[1]: *** [cmTC_bbbee] Error 1
make[1]: Leaving directory '/home/ivsr/ROS/catkin_ws/build/rotors_control/CMakeFiles/CMakeTmp'
Makefile:126: recipe for target 'cmTC_bbbee/fast' failed
make: *** [cmTC_bbbee/fast] Error 2


