Linked: (/home/ivsr/ROS/catkin_ws/devel/.private/mav_planning_msgs/include/mav_planning_msgs/Polygon2D.h, /home/ivsr/ROS/catkin_ws/devel/include/mav_planning_msgs/Polygon2D.h)
Linked: (/home/ivsr/ROS/catkin_ws/devel/.private/mav_planning_msgs/include/mav_planning_msgs/PolygonWithHoles.h, /home/ivsr/ROS/catkin_ws/devel/include/mav_planning_msgs/PolygonWithHoles.h)
Linked: (/home/ivsr/ROS/catkin_ws/devel/.private/mav_planning_msgs/include/mav_planning_msgs/PolynomialSegment4D.h, /home/ivsr/ROS/catkin_ws/devel/include/mav_planning_msgs/PolynomialSegment4D.h)
Linked: (/home/ivsr/ROS/catkin_ws/devel/.private/mav_planning_msgs/include/mav_planning_msgs/PolygonServiceResponse.h, /home/ivsr/ROS/catkin_ws/devel/include/mav_planning_msgs/PolygonServiceResponse.h)
Linked: (/home/ivsr/ROS/catkin_ws/devel/.private/mav_planning_msgs/include/mav_planning_msgs/PolygonService.h, /home/ivsr/ROS/catkin_ws/devel/include/mav_planning_msgs/PolygonService.h)
Linked: (/home/ivsr/ROS/catkin_ws/devel/.private/mav_planning_msgs/include/mav_planning_msgs/PolygonServiceRequest.h, /home/ivsr/ROS/catkin_ws/devel/include/mav_planning_msgs/PolygonServiceRequest.h)
Linked: (/home/ivsr/ROS/catkin_ws/devel/.private/mav_planning_msgs/include/mav_planning_msgs/PlannerService.h, /home/ivsr/ROS/catkin_ws/devel/include/mav_planning_msgs/PlannerService.h)
Linked: (/home/ivsr/ROS/catkin_ws/devel/.private/mav_planning_msgs/include/mav_planning_msgs/PolygonWithHolesStamped.h, /home/ivsr/ROS/catkin_ws/devel/include/mav_planning_msgs/PolygonWithHolesStamped.h)
Linked: (/home/ivsr/ROS/catkin_ws/devel/.private/mav_planning_msgs/include/mav_planning_msgs/PlannerServiceRequest.h, /home/ivsr/ROS/catkin_ws/devel/include/mav_planning_msgs/PlannerServiceRequest.h)
Linked: (/home/ivsr/ROS/catkin_ws/devel/.private/mav_planning_msgs/include/mav_planning_msgs/Point2D.h, /home/ivsr/ROS/catkin_ws/devel/include/mav_planning_msgs/Point2D.h)
Linked: (/home/ivsr/ROS/catkin_ws/devel/.private/mav_planning_msgs/include/mav_planning_msgs/PolynomialTrajectory4D.h, /home/ivsr/ROS/catkin_ws/devel/include/mav_planning_msgs/PolynomialTrajectory4D.h)
Linked: (/home/ivsr/ROS/catkin_ws/devel/.private/mav_planning_msgs/include/mav_planning_msgs/PlannerServiceResponse.h, /home/ivsr/ROS/catkin_ws/devel/include/mav_planning_msgs/PlannerServiceResponse.h)
Linked: (/home/ivsr/ROS/catkin_ws/devel/.private/mav_planning_msgs/include/mav_planning_msgs/PolynomialSegment.h, /home/ivsr/ROS/catkin_ws/devel/include/mav_planning_msgs/PolynomialSegment.h)
Linked: (/home/ivsr/ROS/catkin_ws/devel/.private/mav_planning_msgs/include/mav_planning_msgs/PolynomialTrajectory.h, /home/ivsr/ROS/catkin_ws/devel/include/mav_planning_msgs/PolynomialTrajectory.h)
Linked: (/home/ivsr/ROS/catkin_ws/devel/.private/mav_planning_msgs/include/mav_planning_msgs/PointCloudWithPose.h, /home/ivsr/ROS/catkin_ws/devel/include/mav_planning_msgs/PointCloudWithPose.h)
Linked: (/home/ivsr/ROS/catkin_ws/devel/.private/mav_planning_msgs/share/common-lisp/ros/mav_planning_msgs/srv/_package.lisp, /home/ivsr/ROS/catkin_ws/devel/share/common-lisp/ros/mav_planning_msgs/srv/_package.lisp)
Linked: (/home/ivsr/ROS/catkin_ws/devel/.private/mav_planning_msgs/share/common-lisp/ros/mav_planning_msgs/srv/_package_PolygonService.lisp, /home/ivsr/ROS/catkin_ws/devel/share/common-lisp/ros/mav_planning_msgs/srv/_package_PolygonService.lisp)
Linked: (/home/ivsr/ROS/catkin_ws/devel/.private/mav_planning_msgs/share/common-lisp/ros/mav_planning_msgs/srv/PolygonService.lisp, /home/ivsr/ROS/catkin_ws/devel/share/common-lisp/ros/mav_planning_msgs/srv/PolygonService.lisp)
Linked: (/home/ivsr/ROS/catkin_ws/devel/.private/mav_planning_msgs/share/common-lisp/ros/mav_planning_msgs/srv/mav_planning_msgs-srv.asd, /home/ivsr/ROS/catkin_ws/devel/share/common-lisp/ros/mav_planning_msgs/srv/mav_planning_msgs-srv.asd)
Linked: (/home/ivsr/ROS/catkin_ws/devel/.private/mav_planning_msgs/share/common-lisp/ros/mav_planning_msgs/srv/PlannerService.lisp, /home/ivsr/ROS/catkin_ws/devel/share/common-lisp/ros/mav_planning_msgs/srv/PlannerService.lisp)
Linked: (/home/ivsr/ROS/catkin_ws/devel/.private/mav_planning_msgs/share/common-lisp/ros/mav_planning_msgs/srv/_package_PlannerService.lisp, /home/ivsr/ROS/catkin_ws/devel/share/common-lisp/ros/mav_planning_msgs/srv/_package_PlannerService.lisp)
Linked: (/home/ivsr/ROS/catkin_ws/devel/.private/mav_planning_msgs/share/common-lisp/ros/mav_planning_msgs/msg/_package_Point2D.lisp, /home/ivsr/ROS/catkin_ws/devel/share/common-lisp/ros/mav_planning_msgs/msg/_package_Point2D.lisp)
Linked: (/home/ivsr/ROS/catkin_ws/devel/.private/mav_planning_msgs/share/common-lisp/ros/mav_planning_msgs/msg/PointCloudWithPose.lisp, /home/ivsr/ROS/catkin_ws/devel/share/common-lisp/ros/mav_planning_msgs/msg/PointCloudWithPose.lisp)
Linked: (/home/ivsr/ROS/catkin_ws/devel/.private/mav_planning_msgs/share/common-lisp/ros/mav_planning_msgs/msg/PolynomialSegment.lisp, /home/ivsr/ROS/catkin_ws/devel/share/common-lisp/ros/mav_planning_msgs/msg/PolynomialSegment.lisp)
Linked: (/home/ivsr/ROS/catkin_ws/devel/.private/mav_planning_msgs/share/common-lisp/ros/mav_planning_msgs/msg/_package_PolynomialSegment.lisp, /home/ivsr/ROS/catkin_ws/devel/share/common-lisp/ros/mav_planning_msgs/msg/_package_PolynomialSegment.lisp)
Linked: (/home/ivsr/ROS/catkin_ws/devel/.private/mav_planning_msgs/share/common-lisp/ros/mav_planning_msgs/msg/_package_PolynomialSegment4D.lisp, /home/ivsr/ROS/catkin_ws/devel/share/common-lisp/ros/mav_planning_msgs/msg/_package_PolynomialSegment4D.lisp)
Linked: (/home/ivsr/ROS/catkin_ws/devel/.private/mav_planning_msgs/share/common-lisp/ros/mav_planning_msgs/msg/PolynomialTrajectory.lisp, /home/ivsr/ROS/catkin_ws/devel/share/common-lisp/ros/mav_planning_msgs/msg/PolynomialTrajectory.lisp)
Linked: (/home/ivsr/ROS/catkin_ws/devel/.private/mav_planning_msgs/share/common-lisp/ros/mav_planning_msgs/msg/_package.lisp, /home/ivsr/ROS/catkin_ws/devel/share/common-lisp/ros/mav_planning_msgs/msg/_package.lisp)
Linked: (/home/ivsr/ROS/catkin_ws/devel/.private/mav_planning_msgs/share/common-lisp/ros/mav_planning_msgs/msg/_package_Polygon2D.lisp, /home/ivsr/ROS/catkin_ws/devel/share/common-lisp/ros/mav_planning_msgs/msg/_package_Polygon2D.lisp)
Linked: (/home/ivsr/ROS/catkin_ws/devel/.private/mav_planning_msgs/share/common-lisp/ros/mav_planning_msgs/msg/_package_PolygonWithHoles.lisp, /home/ivsr/ROS/catkin_ws/devel/share/common-lisp/ros/mav_planning_msgs/msg/_package_PolygonWithHoles.lisp)
Linked: (/home/ivsr/ROS/catkin_ws/devel/.private/mav_planning_msgs/share/common-lisp/ros/mav_planning_msgs/msg/mav_planning_msgs-msg.asd, /home/ivsr/ROS/catkin_ws/devel/share/common-lisp/ros/mav_planning_msgs/msg/mav_planning_msgs-msg.asd)
Linked: (/home/ivsr/ROS/catkin_ws/devel/.private/mav_planning_msgs/share/common-lisp/ros/mav_planning_msgs/msg/PolygonWithHolesStamped.lisp, /home/ivsr/ROS/catkin_ws/devel/share/common-lisp/ros/mav_planning_msgs/msg/PolygonWithHolesStamped.lisp)
Linked: (/home/ivsr/ROS/catkin_ws/devel/.private/mav_planning_msgs/share/common-lisp/ros/mav_planning_msgs/msg/Point2D.lisp, /home/ivsr/ROS/catkin_ws/devel/share/common-lisp/ros/mav_planning_msgs/msg/Point2D.lisp)
Linked: (/home/ivsr/ROS/catkin_ws/devel/.private/mav_planning_msgs/share/common-lisp/ros/mav_planning_msgs/msg/PolygonWithHoles.lisp, /home/ivsr/ROS/catkin_ws/devel/share/common-lisp/ros/mav_planning_msgs/msg/PolygonWithHoles.lisp)
Linked: (/home/ivsr/ROS/catkin_ws/devel/.private/mav_planning_msgs/share/common-lisp/ros/mav_planning_msgs/msg/Polygon2D.lisp, /home/ivsr/ROS/catkin_ws/devel/share/common-lisp/ros/mav_planning_msgs/msg/Polygon2D.lisp)
Linked: (/home/ivsr/ROS/catkin_ws/devel/.private/mav_planning_msgs/share/common-lisp/ros/mav_planning_msgs/msg/PolynomialSegment4D.lisp, /home/ivsr/ROS/catkin_ws/devel/share/common-lisp/ros/mav_planning_msgs/msg/PolynomialSegment4D.lisp)
Linked: (/home/ivsr/ROS/catkin_ws/devel/.private/mav_planning_msgs/share/common-lisp/ros/mav_planning_msgs/msg/_package_PointCloudWithPose.lisp, /home/ivsr/ROS/catkin_ws/devel/share/common-lisp/ros/mav_planning_msgs/msg/_package_PointCloudWithPose.lisp)
Linked: (/home/ivsr/ROS/catkin_ws/devel/.private/mav_planning_msgs/share/common-lisp/ros/mav_planning_msgs/msg/_package_PolynomialTrajectory.lisp, /home/ivsr/ROS/catkin_ws/devel/share/common-lisp/ros/mav_planning_msgs/msg/_package_PolynomialTrajectory.lisp)
Linked: (/home/ivsr/ROS/catkin_ws/devel/.private/mav_planning_msgs/share/common-lisp/ros/mav_planning_msgs/msg/PolynomialTrajectory4D.lisp, /home/ivsr/ROS/catkin_ws/devel/share/common-lisp/ros/mav_planning_msgs/msg/PolynomialTrajectory4D.lisp)
Linked: (/home/ivsr/ROS/catkin_ws/devel/.private/mav_planning_msgs/share/common-lisp/ros/mav_planning_msgs/msg/_package_PolygonWithHolesStamped.lisp, /home/ivsr/ROS/catkin_ws/devel/share/common-lisp/ros/mav_planning_msgs/msg/_package_PolygonWithHolesStamped.lisp)
Linked: (/home/ivsr/ROS/catkin_ws/devel/.private/mav_planning_msgs/share/common-lisp/ros/mav_planning_msgs/msg/_package_PolynomialTrajectory4D.lisp, /home/ivsr/ROS/catkin_ws/devel/share/common-lisp/ros/mav_planning_msgs/msg/_package_PolynomialTrajectory4D.lisp)
Linked: (/home/ivsr/ROS/catkin_ws/devel/.private/mav_planning_msgs/share/mav_planning_msgs/cmake/mav_planning_msgs-msg-paths.cmake, /home/ivsr/ROS/catkin_ws/devel/share/mav_planning_msgs/cmake/mav_planning_msgs-msg-paths.cmake)
Linked: (/home/ivsr/ROS/catkin_ws/devel/.private/mav_planning_msgs/share/mav_planning_msgs/cmake/mav_planning_msgsConfig-version.cmake, /home/ivsr/ROS/catkin_ws/devel/share/mav_planning_msgs/cmake/mav_planning_msgsConfig-version.cmake)
Linked: (/home/ivsr/ROS/catkin_ws/devel/.private/mav_planning_msgs/share/mav_planning_msgs/cmake/mav_planning_msgsConfig.cmake, /home/ivsr/ROS/catkin_ws/devel/share/mav_planning_msgs/cmake/mav_planning_msgsConfig.cmake)
Linked: (/home/ivsr/ROS/catkin_ws/devel/.private/mav_planning_msgs/share/mav_planning_msgs/cmake/mav_planning_msgs-msg-extras.cmake, /home/ivsr/ROS/catkin_ws/devel/share/mav_planning_msgs/cmake/mav_planning_msgs-msg-extras.cmake)
Linked: (/home/ivsr/ROS/catkin_ws/devel/.private/mav_planning_msgs/share/roseus/ros/mav_planning_msgs/manifest.l, /home/ivsr/ROS/catkin_ws/devel/share/roseus/ros/mav_planning_msgs/manifest.l)
Linked: (/home/ivsr/ROS/catkin_ws/devel/.private/mav_planning_msgs/share/roseus/ros/mav_planning_msgs/srv/PlannerService.l, /home/ivsr/ROS/catkin_ws/devel/share/roseus/ros/mav_planning_msgs/srv/PlannerService.l)
Linked: (/home/ivsr/ROS/catkin_ws/devel/.private/mav_planning_msgs/share/roseus/ros/mav_planning_msgs/srv/PolygonService.l, /home/ivsr/ROS/catkin_ws/devel/share/roseus/ros/mav_planning_msgs/srv/PolygonService.l)
Linked: (/home/ivsr/ROS/catkin_ws/devel/.private/mav_planning_msgs/share/roseus/ros/mav_planning_msgs/msg/PolynomialSegment4D.l, /home/ivsr/ROS/catkin_ws/devel/share/roseus/ros/mav_planning_msgs/msg/PolynomialSegment4D.l)
Linked: (/home/ivsr/ROS/catkin_ws/devel/.private/mav_planning_msgs/share/roseus/ros/mav_planning_msgs/msg/PolynomialTrajectory.l, /home/ivsr/ROS/catkin_ws/devel/share/roseus/ros/mav_planning_msgs/msg/PolynomialTrajectory.l)
Linked: (/home/ivsr/ROS/catkin_ws/devel/.private/mav_planning_msgs/share/roseus/ros/mav_planning_msgs/msg/PolygonWithHolesStamped.l, /home/ivsr/ROS/catkin_ws/devel/share/roseus/ros/mav_planning_msgs/msg/PolygonWithHolesStamped.l)
Linked: (/home/ivsr/ROS/catkin_ws/devel/.private/mav_planning_msgs/share/roseus/ros/mav_planning_msgs/msg/PointCloudWithPose.l, /home/ivsr/ROS/catkin_ws/devel/share/roseus/ros/mav_planning_msgs/msg/PointCloudWithPose.l)
Linked: (/home/ivsr/ROS/catkin_ws/devel/.private/mav_planning_msgs/share/roseus/ros/mav_planning_msgs/msg/PolynomialSegment.l, /home/ivsr/ROS/catkin_ws/devel/share/roseus/ros/mav_planning_msgs/msg/PolynomialSegment.l)
Linked: (/home/ivsr/ROS/catkin_ws/devel/.private/mav_planning_msgs/share/roseus/ros/mav_planning_msgs/msg/PolynomialTrajectory4D.l, /home/ivsr/ROS/catkin_ws/devel/share/roseus/ros/mav_planning_msgs/msg/PolynomialTrajectory4D.l)
Linked: (/home/ivsr/ROS/catkin_ws/devel/.private/mav_planning_msgs/share/roseus/ros/mav_planning_msgs/msg/Point2D.l, /home/ivsr/ROS/catkin_ws/devel/share/roseus/ros/mav_planning_msgs/msg/Point2D.l)
Linked: (/home/ivsr/ROS/catkin_ws/devel/.private/mav_planning_msgs/share/roseus/ros/mav_planning_msgs/msg/PolygonWithHoles.l, /home/ivsr/ROS/catkin_ws/devel/share/roseus/ros/mav_planning_msgs/msg/PolygonWithHoles.l)
Linked: (/home/ivsr/ROS/catkin_ws/devel/.private/mav_planning_msgs/share/roseus/ros/mav_planning_msgs/msg/Polygon2D.l, /home/ivsr/ROS/catkin_ws/devel/share/roseus/ros/mav_planning_msgs/msg/Polygon2D.l)
Linked: (/home/ivsr/ROS/catkin_ws/devel/.private/mav_planning_msgs/share/gennodejs/ros/mav_planning_msgs/_index.js, /home/ivsr/ROS/catkin_ws/devel/share/gennodejs/ros/mav_planning_msgs/_index.js)
Linked: (/home/ivsr/ROS/catkin_ws/devel/.private/mav_planning_msgs/share/gennodejs/ros/mav_planning_msgs/srv/PolygonService.js, /home/ivsr/ROS/catkin_ws/devel/share/gennodejs/ros/mav_planning_msgs/srv/PolygonService.js)
Linked: (/home/ivsr/ROS/catkin_ws/devel/.private/mav_planning_msgs/share/gennodejs/ros/mav_planning_msgs/srv/_index.js, /home/ivsr/ROS/catkin_ws/devel/share/gennodejs/ros/mav_planning_msgs/srv/_index.js)
Linked: (/home/ivsr/ROS/catkin_ws/devel/.private/mav_planning_msgs/share/gennodejs/ros/mav_planning_msgs/srv/PlannerService.js, /home/ivsr/ROS/catkin_ws/devel/share/gennodejs/ros/mav_planning_msgs/srv/PlannerService.js)
Linked: (/home/ivsr/ROS/catkin_ws/devel/.private/mav_planning_msgs/share/gennodejs/ros/mav_planning_msgs/msg/PolynomialSegment.js, /home/ivsr/ROS/catkin_ws/devel/share/gennodejs/ros/mav_planning_msgs/msg/PolynomialSegment.js)
Linked: (/home/ivsr/ROS/catkin_ws/devel/.private/mav_planning_msgs/share/gennodejs/ros/mav_planning_msgs/msg/Point2D.js, /home/ivsr/ROS/catkin_ws/devel/share/gennodejs/ros/mav_planning_msgs/msg/Point2D.js)
Linked: (/home/ivsr/ROS/catkin_ws/devel/.private/mav_planning_msgs/share/gennodejs/ros/mav_planning_msgs/msg/_index.js, /home/ivsr/ROS/catkin_ws/devel/share/gennodejs/ros/mav_planning_msgs/msg/_index.js)
Linked: (/home/ivsr/ROS/catkin_ws/devel/.private/mav_planning_msgs/share/gennodejs/ros/mav_planning_msgs/msg/PolynomialTrajectory.js, /home/ivsr/ROS/catkin_ws/devel/share/gennodejs/ros/mav_planning_msgs/msg/PolynomialTrajectory.js)
Linked: (/home/ivsr/ROS/catkin_ws/devel/.private/mav_planning_msgs/share/gennodejs/ros/mav_planning_msgs/msg/PointCloudWithPose.js, /home/ivsr/ROS/catkin_ws/devel/share/gennodejs/ros/mav_planning_msgs/msg/PointCloudWithPose.js)
Linked: (/home/ivsr/ROS/catkin_ws/devel/.private/mav_planning_msgs/share/gennodejs/ros/mav_planning_msgs/msg/PolynomialSegment4D.js, /home/ivsr/ROS/catkin_ws/devel/share/gennodejs/ros/mav_planning_msgs/msg/PolynomialSegment4D.js)
Linked: (/home/ivsr/ROS/catkin_ws/devel/.private/mav_planning_msgs/share/gennodejs/ros/mav_planning_msgs/msg/Polygon2D.js, /home/ivsr/ROS/catkin_ws/devel/share/gennodejs/ros/mav_planning_msgs/msg/Polygon2D.js)
Linked: (/home/ivsr/ROS/catkin_ws/devel/.private/mav_planning_msgs/share/gennodejs/ros/mav_planning_msgs/msg/PolynomialTrajectory4D.js, /home/ivsr/ROS/catkin_ws/devel/share/gennodejs/ros/mav_planning_msgs/msg/PolynomialTrajectory4D.js)
Linked: (/home/ivsr/ROS/catkin_ws/devel/.private/mav_planning_msgs/share/gennodejs/ros/mav_planning_msgs/msg/PolygonWithHoles.js, /home/ivsr/ROS/catkin_ws/devel/share/gennodejs/ros/mav_planning_msgs/msg/PolygonWithHoles.js)
Linked: (/home/ivsr/ROS/catkin_ws/devel/.private/mav_planning_msgs/share/gennodejs/ros/mav_planning_msgs/msg/PolygonWithHolesStamped.js, /home/ivsr/ROS/catkin_ws/devel/share/gennodejs/ros/mav_planning_msgs/msg/PolygonWithHolesStamped.js)
Linked: (/home/ivsr/ROS/catkin_ws/devel/.private/mav_planning_msgs/lib/python2.7/dist-packages/mav_planning_msgs/__init__.py, /home/ivsr/ROS/catkin_ws/devel/lib/python2.7/dist-packages/mav_planning_msgs/__init__.py)
Linked: (/home/ivsr/ROS/catkin_ws/devel/.private/mav_planning_msgs/lib/python2.7/dist-packages/mav_planning_msgs/srv/__init__.py, /home/ivsr/ROS/catkin_ws/devel/lib/python2.7/dist-packages/mav_planning_msgs/srv/__init__.py)
Linked: (/home/ivsr/ROS/catkin_ws/devel/.private/mav_planning_msgs/lib/python2.7/dist-packages/mav_planning_msgs/srv/_PlannerService.py, /home/ivsr/ROS/catkin_ws/devel/lib/python2.7/dist-packages/mav_planning_msgs/srv/_PlannerService.py)
Linked: (/home/ivsr/ROS/catkin_ws/devel/.private/mav_planning_msgs/lib/python2.7/dist-packages/mav_planning_msgs/srv/_PolygonService.py, /home/ivsr/ROS/catkin_ws/devel/lib/python2.7/dist-packages/mav_planning_msgs/srv/_PolygonService.py)
Linked: (/home/ivsr/ROS/catkin_ws/devel/.private/mav_planning_msgs/lib/python2.7/dist-packages/mav_planning_msgs/msg/_PolygonWithHolesStamped.py, /home/ivsr/ROS/catkin_ws/devel/lib/python2.7/dist-packages/mav_planning_msgs/msg/_PolygonWithHolesStamped.py)
Linked: (/home/ivsr/ROS/catkin_ws/devel/.private/mav_planning_msgs/lib/python2.7/dist-packages/mav_planning_msgs/msg/_PolygonWithHoles.py, /home/ivsr/ROS/catkin_ws/devel/lib/python2.7/dist-packages/mav_planning_msgs/msg/_PolygonWithHoles.py)
Linked: (/home/ivsr/ROS/catkin_ws/devel/.private/mav_planning_msgs/lib/python2.7/dist-packages/mav_planning_msgs/msg/_PolynomialTrajectory4D.py, /home/ivsr/ROS/catkin_ws/devel/lib/python2.7/dist-packages/mav_planning_msgs/msg/_PolynomialTrajectory4D.py)
Linked: (/home/ivsr/ROS/catkin_ws/devel/.private/mav_planning_msgs/lib/python2.7/dist-packages/mav_planning_msgs/msg/__init__.py, /home/ivsr/ROS/catkin_ws/devel/lib/python2.7/dist-packages/mav_planning_msgs/msg/__init__.py)
Linked: (/home/ivsr/ROS/catkin_ws/devel/.private/mav_planning_msgs/lib/python2.7/dist-packages/mav_planning_msgs/msg/_PolynomialTrajectory.py, /home/ivsr/ROS/catkin_ws/devel/lib/python2.7/dist-packages/mav_planning_msgs/msg/_PolynomialTrajectory.py)
Linked: (/home/ivsr/ROS/catkin_ws/devel/.private/mav_planning_msgs/lib/python2.7/dist-packages/mav_planning_msgs/msg/_Point2D.py, /home/ivsr/ROS/catkin_ws/devel/lib/python2.7/dist-packages/mav_planning_msgs/msg/_Point2D.py)
Linked: (/home/ivsr/ROS/catkin_ws/devel/.private/mav_planning_msgs/lib/python2.7/dist-packages/mav_planning_msgs/msg/_PolynomialSegment.py, /home/ivsr/ROS/catkin_ws/devel/lib/python2.7/dist-packages/mav_planning_msgs/msg/_PolynomialSegment.py)
Linked: (/home/ivsr/ROS/catkin_ws/devel/.private/mav_planning_msgs/lib/python2.7/dist-packages/mav_planning_msgs/msg/_PointCloudWithPose.py, /home/ivsr/ROS/catkin_ws/devel/lib/python2.7/dist-packages/mav_planning_msgs/msg/_PointCloudWithPose.py)
Linked: (/home/ivsr/ROS/catkin_ws/devel/.private/mav_planning_msgs/lib/python2.7/dist-packages/mav_planning_msgs/msg/_Polygon2D.py, /home/ivsr/ROS/catkin_ws/devel/lib/python2.7/dist-packages/mav_planning_msgs/msg/_Polygon2D.py)
Linked: (/home/ivsr/ROS/catkin_ws/devel/.private/mav_planning_msgs/lib/python2.7/dist-packages/mav_planning_msgs/msg/_PolynomialSegment4D.py, /home/ivsr/ROS/catkin_ws/devel/lib/python2.7/dist-packages/mav_planning_msgs/msg/_PolynomialSegment4D.py)
Linked: (/home/ivsr/ROS/catkin_ws/devel/.private/mav_planning_msgs/lib/pkgconfig/mav_planning_msgs.pc, /home/ivsr/ROS/catkin_ws/devel/lib/pkgconfig/mav_planning_msgs.pc)
