Determining if the pthread_create exist failed with the following output:
Change Dir: /home/ivsr/ROS/catkin_ws/build/mavros_extras/CMakeFiles/CMakeTmp

Run Build Command:"/usr/bin/make" "cmTC_fda33/fast"
/usr/bin/make -f CMakeFiles/cmTC_fda33.dir/build.make CMakeFiles/cmTC_fda33.dir/build
make[1]: Entering directory '/home/ivsr/ROS/catkin_ws/build/mavros_extras/CMakeFiles/CMakeTmp'
Building C object CMakeFiles/cmTC_fda33.dir/CheckSymbolExists.c.o
/usr/bin/cc    -o CMakeFiles/cmTC_fda33.dir/CheckSymbolExists.c.o   -c /home/ivsr/ROS/catkin_ws/build/mavros_extras/CMakeFiles/CMakeTmp/CheckSymbolExists.c
Linking C executable cmTC_fda33
/usr/bin/cmake -E cmake_link_script CMakeFiles/cmTC_fda33.dir/link.txt --verbose=1
/usr/bin/cc      -rdynamic CMakeFiles/cmTC_fda33.dir/CheckSymbolExists.c.o  -o cmTC_fda33 
CMakeFiles/cmTC_fda33.dir/CheckSymbolExists.c.o: In function `main':
CheckSymbolExists.c:(.text+0x1b): undefined reference to `pthread_create'
collect2: error: ld returned 1 exit status
CMakeFiles/cmTC_fda33.dir/build.make:97: recipe for target 'cmTC_fda33' failed
make[1]: *** [cmTC_fda33] Error 1
make[1]: Leaving directory '/home/ivsr/ROS/catkin_ws/build/mavros_extras/CMakeFiles/CMakeTmp'
Makefile:126: recipe for target 'cmTC_fda33/fast' failed
make: *** [cmTC_fda33/fast] Error 2

File /home/ivsr/ROS/catkin_ws/build/mavros_extras/CMakeFiles/CMakeTmp/CheckSymbolExists.c:
/* */
#include <pthread.h>

int main(int argc, char** argv)
{
  (void)argv;
#ifndef pthread_create
  return ((int*)(&pthread_create))[argc];
#else
  (void)argc;
  return 0;
#endif
}

Determining if the function pthread_create exists in the pthreads failed with the following output:
Change Dir: /home/ivsr/ROS/catkin_ws/build/mavros_extras/CMakeFiles/CMakeTmp

Run Build Command:"/usr/bin/make" "cmTC_7afdd/fast"
/usr/bin/make -f CMakeFiles/cmTC_7afdd.dir/build.make CMakeFiles/cmTC_7afdd.dir/build
make[1]: Entering directory '/home/ivsr/ROS/catkin_ws/build/mavros_extras/CMakeFiles/CMakeTmp'
Building C object CMakeFiles/cmTC_7afdd.dir/CheckFunctionExists.c.o
/usr/bin/cc   -DCHECK_FUNCTION_EXISTS=pthread_create   -o CMakeFiles/cmTC_7afdd.dir/CheckFunctionExists.c.o   -c /usr/share/cmake-3.10/Modules/CheckFunctionExists.c
Linking C executable cmTC_7afdd
/usr/bin/cmake -E cmake_link_script CMakeFiles/cmTC_7afdd.dir/link.txt --verbose=1
/usr/bin/cc  -DCHECK_FUNCTION_EXISTS=pthread_create    -rdynamic CMakeFiles/cmTC_7afdd.dir/CheckFunctionExists.c.o  -o cmTC_7afdd -lpthreads 
/usr/bin/ld: cannot find -lpthreads
collect2: error: ld returned 1 exit status
CMakeFiles/cmTC_7afdd.dir/build.make:97: recipe for target 'cmTC_7afdd' failed
make[1]: *** [cmTC_7afdd] Error 1
make[1]: Leaving directory '/home/ivsr/ROS/catkin_ws/build/mavros_extras/CMakeFiles/CMakeTmp'
Makefile:126: recipe for target 'cmTC_7afdd/fast' failed
make: *** [cmTC_7afdd/fast] Error 2


