Determining if the pthread_create exist failed with the following output:
Change Dir: /home/ivsr/ROS/catkin_ws/build/rotors_hil_interface/CMakeFiles/CMakeTmp

Run Build Command:"/usr/bin/make" "cmTC_8285f/fast"
/usr/bin/make -f CMakeFiles/cmTC_8285f.dir/build.make CMakeFiles/cmTC_8285f.dir/build
make[1]: Entering directory '/home/ivsr/ROS/catkin_ws/build/rotors_hil_interface/CMakeFiles/CMakeTmp'
Building C object CMakeFiles/cmTC_8285f.dir/CheckSymbolExists.c.o
/usr/bin/cc    -o CMakeFiles/cmTC_8285f.dir/CheckSymbolExists.c.o   -c /home/ivsr/ROS/catkin_ws/build/rotors_hil_interface/CMakeFiles/CMakeTmp/CheckSymbolExists.c
Linking C executable cmTC_8285f
/usr/bin/cmake -E cmake_link_script CMakeFiles/cmTC_8285f.dir/link.txt --verbose=1
/usr/bin/cc      -rdynamic CMakeFiles/cmTC_8285f.dir/CheckSymbolExists.c.o  -o cmTC_8285f 
CMakeFiles/cmTC_8285f.dir/CheckSymbolExists.c.o: In function `main':
CheckSymbolExists.c:(.text+0x1b): undefined reference to `pthread_create'
collect2: error: ld returned 1 exit status
CMakeFiles/cmTC_8285f.dir/build.make:97: recipe for target 'cmTC_8285f' failed
make[1]: *** [cmTC_8285f] Error 1
make[1]: Leaving directory '/home/ivsr/ROS/catkin_ws/build/rotors_hil_interface/CMakeFiles/CMakeTmp'
Makefile:126: recipe for target 'cmTC_8285f/fast' failed
make: *** [cmTC_8285f/fast] Error 2

File /home/ivsr/ROS/catkin_ws/build/rotors_hil_interface/CMakeFiles/CMakeTmp/CheckSymbolExists.c:
/* */
#include <pthread.h>

int main(int argc, char** argv)
{
  (void)argv;
#ifndef pthread_create
  return ((int*)(&pthread_create))[argc];
#else
  (void)argc;
  return 0;
#endif
}

Determining if the function pthread_create exists in the pthreads failed with the following output:
Change Dir: /home/ivsr/ROS/catkin_ws/build/rotors_hil_interface/CMakeFiles/CMakeTmp

Run Build Command:"/usr/bin/make" "cmTC_debe8/fast"
/usr/bin/make -f CMakeFiles/cmTC_debe8.dir/build.make CMakeFiles/cmTC_debe8.dir/build
make[1]: Entering directory '/home/ivsr/ROS/catkin_ws/build/rotors_hil_interface/CMakeFiles/CMakeTmp'
Building C object CMakeFiles/cmTC_debe8.dir/CheckFunctionExists.c.o
/usr/bin/cc   -DCHECK_FUNCTION_EXISTS=pthread_create   -o CMakeFiles/cmTC_debe8.dir/CheckFunctionExists.c.o   -c /usr/share/cmake-3.10/Modules/CheckFunctionExists.c
Linking C executable cmTC_debe8
/usr/bin/cmake -E cmake_link_script CMakeFiles/cmTC_debe8.dir/link.txt --verbose=1
/usr/bin/cc  -DCHECK_FUNCTION_EXISTS=pthread_create    -rdynamic CMakeFiles/cmTC_debe8.dir/CheckFunctionExists.c.o  -o cmTC_debe8 -lpthreads 
/usr/bin/ld: cannot find -lpthreads
collect2: error: ld returned 1 exit status
CMakeFiles/cmTC_debe8.dir/build.make:97: recipe for target 'cmTC_debe8' failed
make[1]: *** [cmTC_debe8] Error 1
make[1]: Leaving directory '/home/ivsr/ROS/catkin_ws/build/rotors_hil_interface/CMakeFiles/CMakeTmp'
Makefile:126: recipe for target 'cmTC_debe8/fast' failed
make: *** [cmTC_debe8/fast] Error 2


